###############################################################
#  Generated by:      Cadence Tempus 17.21-s086_1
#  OS:                Linux x86_64(Host ID cegpgvlsilab7.annauniv.edu)
#  Generated on:      Wed Jun 17 12:21:06 2026
#  Design:            systolic_arr_2x2
#  Command:           report_constraint -all > sta/constraint_report.rpt
###############################################################
# format : frame 0 : split 1

max_delay/setup
---------------------------
No paths found

min_delay/hold
---------------------------
No paths found

Check type : clock_period
---------------------------
No paths found

Check type : skew
---------------------------
No paths found

Check type : pulse_width
---------------------------
 No violating Checks with given description found

Check type : max_transition
---------------------------
 No Violations found

Check type : min_transition
---------------------------
 No Violations found

Check type : max_capacitance
---------------------------
 No Violations found

Check type : min_capacitance
---------------------------
 No Violations found

Check type : max_fanout
---------------------------
 No Violations found

Check type : min_fanout
---------------------------
 No Violations found

