###############################################################
#  Generated by:      Cadence Tempus 17.21-s086_1
#  OS:                Linux x86_64(Host ID cegpgvlsilab7.annauniv.edu)
#  Generated on:      Wed Jun 17 12:18:22 2026
#  Design:            systolic_arr_2x2
#  Command:           report_timing -check_type hold > hold_slack_report.rpt
###############################################################
Path 1: MET Hold Check with Pin PE11_sum_out_reg[0]/CK 
Endpoint:   PE11_sum_out_reg[0]/D (v) checked with  leading edge of 'clk'
Beginpoint: PE11_sum_out_reg[0]/Q (v) triggered by  leading edge of 'clk'
Path Groups: {clk}
Other End Arrival Time          0.000
+ Hold                          0.144
+ Phase Shift                   0.000
= Required Time                 0.144
  Arrival Time                  0.215
  Slack Time                    0.070
     Clock Rise Edge                 0.000
     + Clock Network Latency (Ideal) 0.000
     = Beginpoint Arrival Time       0.000
      ------------------------------------------------------------------
      Instance             Arc          Cell    Delay  Arrival  Required  
                                                       Time     Time  
      ------------------------------------------------------------------
      PE11_sum_out_reg[0]  CK ^         -       -      0.000    -0.070  
      PE11_sum_out_reg[0]  CK ^ -> Q v  DFFQX1  0.147  0.147    0.077  
      g420__4296           A v -> Y ^   MXI2XL  0.046  0.194    0.123  
      g270__2250           A ^ -> Y v   NOR2XL  0.021  0.215    0.144  
      PE11_sum_out_reg[0]  D v          DFFQX1  0.000  0.215    0.144  
      ------------------------------------------------------------------

