```
###############################################################
#  Generated by:      Cadence Tempus 17.21-s086_1
#  OS:                Linux x86_64(Host ID cegpgvlsilab7.annauniv.edu)
#  Generated on:      Wed Jun 17 12:19:27 2026
#  Design:            systolic_arr_2x2
#  Command:           report_timing -check_type setup > setup_slack_report.rpt
###############################################################
Path 1: MET Setup Check with Pin PE01_sum_out_reg[31]/CK 
Endpoint:   PE01_sum_out_reg[31]/D (^) checked with  leading edge of 'clk'
Beginpoint: b2[2]                  (^) triggered by  leading edge of 'clk'
Path Groups: {clk}
Other End Arrival Time          0.000
- Setup                         0.112
+ Phase Shift                  10.000
= Required Time                 9.888
- Arrival Time                  3.846
= Slack Time                    6.041
     Clock Rise Edge                      0.000
     + Input Delay                        1.000
     = Beginpoint Arrival Time            1.000
      -------------------------------------------------------------------------------------------
      Instance                                    Arc           Cell     Delay  Arrival  Required  
                                                                                Time     Time  
      -------------------------------------------------------------------------------------------
      -                                           b2[2] ^       -        -      1.000    7.041  
      PE01_csa_tree_add_40_32_groupi_g4389__7344  B ^ -> Y v    NAND2XL  0.049  1.049    7.091  
      PE01_csa_tree_add_40_32_groupi_g4297__7114  B v -> S ^    ADDFXL   0.174  1.223    7.265  
      PE01_csa_tree_add_40_32_groupi_g4283__2683  CI ^ -> S v   ADDFXL   0.148  1.371    7.412  
      PE01_csa_tree_add_40_32_groupi_g4266__5266  A v -> CO v   ADDFX1   0.118  1.489    7.530  
      PE01_csa_tree_add_40_32_groupi_g4256__2391  CI v -> CO v  ADDFX1   0.110  1.598    7.640  
      PE01_csa_tree_add_40_32_groupi_g4251__2683  CI v -> CO v  ADDFX1   0.110  1.708    7.749  
      PE01_csa_tree_add_40_32_groupi_g4244__8780  CI v -> CO v  ADDFX1   0.110  1.817    7.859  
      PE01_csa_tree_add_40_32_groupi_g4242__9906  CI v -> CO v  ADDFX1   0.110  1.927    7.968  
      PE01_csa_tree_add_40_32_groupi_g4240__1857  CI v -> CO v  ADDFX1   0.109  2.036    8.078  
      PE01_csa_tree_add_40_32_groupi_g4238__5019  CI v -> CO v  ADDFX1   0.109  2.146    8.187  
      PE01_csa_tree_add_40_32_groupi_g4236__1840  CI v -> CO v  ADDFX1   0.114  2.260    8.301  
      PE01_csa_tree_add_40_32_groupi_g4232__5795  A1 v -> Y ^   OAI21X1  0.058  2.318    8.359  
      PE01_csa_tree_add_40_32_groupi_g4230__2703  CI ^ -> CO ^  ADDFX1   0.098  2.415    8.457  
      PE01_csa_tree_add_40_32_groupi_g4229__6083  CI ^ -> CO ^  ADDFX1   0.094  2.509    8.550  
      PE01_csa_tree_add_40_32_groupi_g4228__2250  CI ^ -> CO ^  ADDFX1   0.094  2.603    8.644  
      PE01_csa_tree_add_40_32_groupi_g4227__5266  CI ^ -> CO ^  ADDFX1   0.087  2.690    8.731  
      PE01_csa_tree_add_40_32_groupi_g4226__7114  B ^ -> Y v    NAND2XL  0.047  2.737    8.778  
      PE01_csa_tree_add_40_32_groupi_g4224__5953  B v -> Y ^    NOR2XL   0.075  2.812    8.853  
      PE01_csa_tree_add_40_32_groupi_g4222__8757  B ^ -> Y v    NAND2XL  0.056  2.869    8.910  
      PE01_csa_tree_add_40_32_groupi_g4220__7675  B v -> Y ^    NOR2XL   0.078  2.947    8.988  
      PE01_csa_tree_add_40_32_groupi_g4218__2900  B ^ -> Y v    NAND2XL  0.057  3.003    9.045  
      PE01_csa_tree_add_40_32_groupi_g4216__1309  B v -> Y ^    NOR2XL   0.078  3.082    9.123  
      PE01_csa_tree_add_40_32_groupi_g4214__9682  B ^ -> Y v    NAND2XL  0.057  3.138    9.180  
      PE01_csa_tree_add_40_32_groupi_g4212__1474  B v -> Y ^    NOR2XL   0.078  3.216    9.258  
      PE01_csa_tree_add_40_32_groupi_g4210__4296  B ^ -> Y v    NAND2XL  0.057  3.273    9.314  
      PE01_csa_tree_add_40_32_groupi_g4208__9906  B v -> Y ^    NOR2XL   0.078  3.351    9.393  
      PE01_csa_tree_add_40_32_groupi_g4206__5019  B ^ -> Y v    NAND2XL  0.057  3.408    9.449  
      PE01_csa_tree_add_40_32_groupi_g4204__7344  B v -> Y ^    NOR2XL   0.078  3.486    9.528  
      PE01_csa_tree_add_40_32_groupi_g4202__2703  B ^ -> Y v    NAND2XL  0.057  3.543    9.584  
      PE01_csa_tree_add_40_32_groupi_g4200__2250  B v -> Y ^    NOR2XL   0.078  3.621    9.662  
      PE01_csa_tree_add_40_32_groupi_g4198__7114  B ^ -> Y v    NAND2XL  0.057  3.678    9.719  
      PE01_csa_tree_add_40_32_groupi_g4195__1786  A1 v -> Y ^   OAI21XL  0.056  3.733    9.775  
      g344__2900                                  B ^ -> Y v    MXI2XL   0.034  3.767    9.809  
      g220__5019                                  B v -> Y ^    NOR2XL   0.079  3.846    9.888  
      PE01_sum_out_reg[31]                        D ^           DFFQX1   0.000  3.846    9.888  
      -------------------------------------------------------------------------------------------

```