============================================================
  Generated by:           Genus(TM) Synthesis Solution 17.22-s017_1
  Generated on:           Jun 17 2026  11:39:32 am
  Module:                 systolic_arr_2x2
  Operating conditions:   typical (balanced_tree)
  Wireload mode:          enclosed
  Area mode:              timing library
============================================================

                                
   Gate    Instances    Area      Library  
-------------------------------------------
ADDFX1            64   1259.482    typical 
ADDFXL           179   3522.612    typical 
AND2X1            83    376.936    typical 
AOI21X1           41    186.197    typical 
AOI21XL           28    127.159    typical 
CLKINVX1           9     20.436    typical 
CLKXOR2X1          1      8.326    typical 
DFFQX1           162   2574.974    typical 
DFFQXL             1     15.895    typical 
INVX1             45    102.182    typical 
INVXL             23     52.226    typical 
MXI2XL           131    793.231    typical 
NAND2BX1          33    149.866    typical 
NAND2XL          218    660.017    typical 
NOR2BX1            8     36.331    typical 
NOR2BXL           33    149.866    typical 
NOR2XL           198    599.465    typical 
OA21XL            32    217.987    typical 
OAI21X1            7     31.790    typical 
OAI21XL            3     13.624    typical 
XNOR2XL            3     24.978    typical 
-------------------------------------------
total           1302  10923.581            


                                          
     Type      Instances    Area   Area % 
------------------------------------------
sequential           163  2590.869   23.7 
inverter              77   174.844    1.6 
logic               1062  8157.868   74.7 
physical_cells         0     0.000    0.0 
------------------------------------------
total               1302 10923.581  100.0 

