============================================================
  Generated by:           Genus(TM) Synthesis Solution 17.22-s017_1
  Generated on:           Jun 17 2026  11:40:05 am
  Module:                 systolic_arr_2x2
  Operating conditions:   typical (balanced_tree)
  Wireload mode:          enclosed
  Area mode:              timing library
============================================================

Timing
--------

Clock  Period 
--------------
clk   10000.0 


  Cost    Critical         Violating 
 Group   Path Slack  TNS     Paths   
-------------------------------------
clk          6042.7   0.0          0 
default    No paths   0.0            
-------------------------------------
Total                 0.0          0 

Instance Count
--------------
Leaf Instance Count             1302 
Physical Instance count            0 
Sequential Instance Count        163 
Combinational Instance Count    1139 
Hierarchical Instance Count        0 

Area
----
Cell Area                          10923.581
Physical Cell Area                 0.000
Total Cell Area (Cell+Physical)    10923.581
Net Area                           0.000
Total Area (Cell+Physical+Net)     10923.581

Max Fanout                         163 (rst)
Min Fanout                         1 (PE00_n_52)
Average Fanout                     2.0
Terms to net ratio                 2.8842
Terms to instance ratio            3.5000
Runtime                            78.776657 seconds
Elapsed Runtime                    1120 seconds
Genus peak memory usage            746.89 
Innovus peak memory usage          no_value 
Hostname                           localhost
