============================================================
  Generated by:           Genus(TM) Synthesis Solution 17.22-s017_1
  Generated on:           Jun 17 2026  11:34:49 am
  Module:                 systolic_arr_2x2
  Operating conditions:   typical (balanced_tree)
  Wireload mode:          enclosed
  Area mode:              timing library
============================================================


Path 1: MET (6043 ps) Setup Check with Pin PE10_sum_out_reg[31]/CK->D
          Group: clk
     Startpoint: (R) a2[1]
          Clock: (R) clk
       Endpoint: (R) PE10_sum_out_reg[31]/D
          Clock: (R) clk

                     Capture       Launch     
        Clock Edge:+   10000            0     
       Src Latency:+       0            0     
       Net Latency:+       0 (I)        0 (I) 
           Arrival:=   10000            0     
                                              
             Setup:-     110                  
     Required Time:=    9890                  
      Launch Clock:-       0                  
       Input Delay:-    1000                  
         Data Path:-    2847                  
             Slack:=    6043                  

Exceptions/Constraints:
  input_delay             1000            sys_arr.sdc_line_2_16_1 

#-----------------------------------------------------------------------------------------------------------------------
#                 Timing Point                  Flags    Arc   Edge   Cell     Fanout Load Trans Delay Arrival Instance 
#                                                                                     (fF)  (ps)  (ps)   (ps)  Location 
#-----------------------------------------------------------------------------------------------------------------------
  a2[1]                                         -       -      R     (arrival)      9 15.4     0     0    1000    (-,-) 
  PE10_csa_tree_add_40_32_groupi_g4389__1857/Y  -       B->Y   F     NAND2XL        1  6.3    65    47    1047    (-,-) 
  PE10_csa_tree_add_40_32_groupi_g4297__6083/S  -       B->S   R     ADDFXL         1  5.0    54   174    1222    (-,-) 
  PE10_csa_tree_add_40_32_groupi_g4283__2900/S  -       CI->S  F     ADDFXL         1  6.8    56   148    1369    (-,-) 
  PE10_csa_tree_add_40_32_groupi_g4266__2703/CO -       A->CO  F     ADDFX1         1  5.0    42   118    1487    (-,-) 
  PE10_csa_tree_add_40_32_groupi_g4256__8757/CO -       CI->CO F     ADDFX1         1  5.0    42   110    1597    (-,-) 
  PE10_csa_tree_add_40_32_groupi_g4251__2900/CO -       CI->CO F     ADDFX1         1  5.0    42   110    1706    (-,-) 
  PE10_csa_tree_add_40_32_groupi_g4244__1474/CO -       CI->CO F     ADDFX1         1  5.0    42   110    1816    (-,-) 
  PE10_csa_tree_add_40_32_groupi_g4242__3772/CO -       CI->CO F     ADDFX1         1  5.0    42   110    1925    (-,-) 
  PE10_csa_tree_add_40_32_groupi_g4240__4296/CO -       CI->CO F     ADDFX1         1  5.0    42   110    2035    (-,-) 
  PE10_csa_tree_add_40_32_groupi_g4238__8780/CO -       CI->CO F     ADDFX1         1  5.0    42   110    2144    (-,-) 
  PE10_csa_tree_add_40_32_groupi_g4236__9906/CO -       CI->CO F     ADDFX1         2  6.4    46   114    2258    (-,-) 
  PE10_csa_tree_add_40_32_groupi_g4232__5019/Y  -       A1->Y  R     OAI21X1        1  5.0    58    58    2316    (-,-) 
  PE10_csa_tree_add_40_32_groupi_g4230__1840/CO -       CI->CO R     ADDFX1         1  5.0    40    98    2413    (-,-) 
  PE10_csa_tree_add_40_32_groupi_g4229__7344/CO -       CI->CO R     ADDFX1         1  5.0    40    94    2507    (-,-) 
  PE10_csa_tree_add_40_32_groupi_g4228__5795/CO -       CI->CO R     ADDFX1         1  5.0    40    94    2601    (-,-) 
  PE10_csa_tree_add_40_32_groupi_g4227__2703/CO -       CI->CO R     ADDFX1         2  3.4    33    87    2688    (-,-) 
  PE10_csa_tree_add_40_32_groupi_g4226__6083/Y  -       B->Y   F     NAND2XL        3  5.2    54    47    2735    (-,-) 
  PE10_csa_tree_add_40_32_groupi_g4224__5266/Y  -       B->Y   R     NOR2XL         3  5.1    82    76    2811    (-,-) 
  PE10_csa_tree_add_40_32_groupi_g4222__5703/Y  -       B->Y   F     NAND2XL        3  5.2    64    57    2868    (-,-) 
  PE10_csa_tree_add_40_32_groupi_g4220__1786/Y  -       B->Y   R     NOR2XL         3  5.1    83    78    2946    (-,-) 
  PE10_csa_tree_add_40_32_groupi_g4218__7118/Y  -       B->Y   F     NAND2XL        3  5.2    64    57    3003    (-,-) 
  PE10_csa_tree_add_40_32_groupi_g4216__2391/Y  -       B->Y   R     NOR2XL         3  5.1    83    78    3082    (-,-) 
  PE10_csa_tree_add_40_32_groupi_g4214__6877/Y  -       B->Y   F     NAND2XL        3  5.2    64    57    3139    (-,-) 
  PE10_csa_tree_add_40_32_groupi_g4212__2683/Y  -       B->Y   R     NOR2XL         3  5.1    83    78    3217    (-,-) 
  PE10_csa_tree_add_40_32_groupi_g4210__4547/Y  -       B->Y   F     NAND2XL        3  5.2    64    57    3274    (-,-) 
  PE10_csa_tree_add_40_32_groupi_g4208__3772/Y  -       B->Y   R     NOR2XL         3  5.1    83    78    3353    (-,-) 
  PE10_csa_tree_add_40_32_groupi_g4206__8780/Y  -       B->Y   F     NAND2XL        3  5.2    64    57    3410    (-,-) 
  PE10_csa_tree_add_40_32_groupi_g4204__1857/Y  -       B->Y   R     NOR2XL         3  5.1    83    78    3488    (-,-) 
  PE10_csa_tree_add_40_32_groupi_g4202__1840/Y  -       B->Y   F     NAND2XL        3  5.2    64    57    3545    (-,-) 
  PE10_csa_tree_add_40_32_groupi_g4200__5795/Y  -       B->Y   R     NOR2XL         3  5.1    83    78    3624    (-,-) 
  PE10_csa_tree_add_40_32_groupi_g4198__6083/Y  -       B->Y   F     NAND2XL        3  5.1    64    56    3680    (-,-) 
  PE10_csa_tree_add_40_32_groupi_g4195__7114/Y  -       A1->Y  R     OAI21XL        1  1.7    52    56    3736    (-,-) 
  g377__1786/Y                                  -       B->Y   F     MXI2XL         1  1.8   216    34    3770    (-,-) 
  g268__7114/Y                                  -       B->Y   R     NOR2XL         1  1.6    69    78    3847    (-,-) 
  PE10_sum_out_reg[31]/D                        <<<     -      R     DFFQX1         1    -     -     0    3847    (-,-) 
#-----------------------------------------------------------------------------------------------------------------------

